<?xml version="1.0" encoding="UTF-8"?>
<coverage generated="1777618236514" clover="3.2.0">
  <project timestamp="1777618236514" name="All files">
    <metrics statements="161" coveredstatements="155" conditionals="62" coveredconditionals="46" methods="38" coveredmethods="36" elements="261" coveredelements="237" complexity="0" loc="161" ncloc="161" packages="1" files="7" classes="7"/>
    <file name="decisionEngine.ts" path="C:\votexa\votexa\packages\algorithms\src\decisionEngine.ts">
      <metrics statements="15" coveredstatements="15" conditionals="10" coveredconditionals="8" methods="5" coveredmethods="5"/>
      <line num="1" count="1" type="stmt"/>
      <line num="2" count="1" type="stmt"/>
      <line num="11" count="1" type="stmt"/>
      <line num="16" count="3" type="stmt"/>
      <line num="38" count="3" type="cond" truecount="1" falsecount="1"/>
      <line num="46" count="2" type="stmt"/>
      <line num="48" count="4" type="stmt"/>
      <line num="49" count="4" type="cond" truecount="1" falsecount="0"/>
      <line num="50" count="2" type="cond" truecount="3" falsecount="0"/>
      <line num="51" count="1" type="stmt"/>
      <line num="54" count="4" type="stmt"/>
      <line num="56" count="2" type="stmt"/>
      <line num="63" count="2" type="stmt"/>
      <line num="72" count="2" type="cond" truecount="1" falsecount="1"/>
      <line num="73" count="2" type="cond" truecount="2" falsecount="0"/>
    </file>
    <file name="fsm.ts" path="C:\votexa\votexa\packages\algorithms\src\fsm.ts">
      <metrics statements="27" coveredstatements="26" conditionals="9" coveredconditionals="9" methods="6" coveredmethods="6"/>
      <line num="1" count="3" type="cond" truecount="2" falsecount="0"/>
      <line num="2" count="3" type="stmt"/>
      <line num="3" count="3" type="stmt"/>
      <line num="4" count="3" type="stmt"/>
      <line num="5" count="3" type="stmt"/>
      <line num="6" count="3" type="stmt"/>
      <line num="7" count="3" type="stmt"/>
      <line num="10" count="3" type="cond" truecount="2" falsecount="0"/>
      <line num="11" count="3" type="stmt"/>
      <line num="12" count="3" type="stmt"/>
      <line num="13" count="3" type="stmt"/>
      <line num="14" count="3" type="stmt"/>
      <line num="15" count="3" type="stmt"/>
      <line num="16" count="3" type="stmt"/>
      <line num="19" count="3" type="stmt"/>
      <line num="23" count="5" type="stmt"/>
      <line num="46" count="5" type="stmt"/>
      <line num="50" count="4" type="stmt"/>
      <line num="54" count="10" type="stmt"/>
      <line num="55" count="10" type="cond" truecount="2" falsecount="0"/>
      <line num="59" count="8" type="cond" truecount="1" falsecount="0"/>
      <line num="60" count="1" type="stmt"/>
      <line num="63" count="7" type="stmt"/>
      <line num="64" count="7" type="cond" truecount="1" falsecount="0"/>
      <line num="65" count="7" type="stmt"/>
      <line num="66" count="7" type="stmt"/>
      <line num="69" count="0" type="stmt"/>
    </file>
    <file name="notificationScheduler.ts" path="C:\votexa\votexa\packages\algorithms\src\notificationScheduler.ts">
      <metrics statements="33" coveredstatements="30" conditionals="11" coveredconditionals="6" methods="8" coveredmethods="6"/>
      <line num="1" count="1" type="stmt"/>
      <line num="9" count="1" type="cond" truecount="2" falsecount="0"/>
      <line num="10" count="1" type="stmt"/>
      <line num="11" count="1" type="stmt"/>
      <line num="12" count="1" type="stmt"/>
      <line num="13" count="1" type="stmt"/>
      <line num="14" count="1" type="stmt"/>
      <line num="15" count="1" type="stmt"/>
      <line num="19" count="1" type="stmt"/>
      <line num="64" count="1" type="stmt"/>
      <line num="68" count="3" type="stmt"/>
      <line num="72" count="0" type="stmt"/>
      <line num="77" count="6" type="stmt"/>
      <line num="80" count="6" type="stmt"/>
      <line num="85" count="3" type="stmt"/>
      <line num="86" count="3" type="stmt"/>
      <line num="88" count="3" type="cond" truecount="2" falsecount="0"/>
      <line num="89" count="6" type="stmt"/>
      <line num="90" count="6" type="cond" truecount="0" falsecount="1"/>
      <line num="92" count="6" type="stmt"/>
      <line num="93" count="6" type="stmt"/>
      <line num="98" count="6" type="stmt"/>
      <line num="101" count="3" type="stmt"/>
      <line num="106" count="0" type="stmt"/>
      <line num="107" count="0" type="cond" truecount="0" falsecount="2"/>
      <line num="113" count="6" type="stmt"/>
      <line num="114" count="6" type="stmt"/>
      <line num="117" count="6" type="stmt"/>
      <line num="121" count="6" type="cond" truecount="1" falsecount="0"/>
      <line num="122" count="4" type="cond" truecount="1" falsecount="0"/>
      <line num="123" count="2" type="cond" truecount="0" falsecount="1"/>
      <line num="124" count="2" type="cond" truecount="0" falsecount="1"/>
      <line num="125" count="2" type="stmt"/>
    </file>
    <file name="pollingOptimizer.ts" path="C:\votexa\votexa\packages\algorithms\src\pollingOptimizer.ts">
      <metrics statements="11" coveredstatements="11" conditionals="3" coveredconditionals="2" methods="5" coveredmethods="5"/>
      <line num="1" count="1" type="stmt"/>
      <line num="11" count="1" type="stmt"/>
      <line num="15" count="3" type="stmt"/>
      <line num="23" count="2" type="stmt"/>
      <line num="24" count="2" type="stmt"/>
      <line num="25" count="5" type="stmt"/>
      <line num="35" count="6" type="stmt"/>
      <line num="42" count="3" type="stmt"/>
      <line num="43" count="3" type="cond" truecount="1" falsecount="1"/>
      <line num="50" count="3" type="cond" truecount="1" falsecount="0"/>
      <line num="52" count="2" type="stmt"/>
    </file>
    <file name="priorityQueue.ts" path="C:\votexa\votexa\packages\algorithms\src\priorityQueue.ts">
      <metrics statements="39" coveredstatements="37" conditionals="13" coveredconditionals="6" methods="8" coveredmethods="8"/>
      <line num="6" count="3" type="stmt"/>
      <line num="7" count="12" type="stmt"/>
      <line num="12" count="2" type="stmt"/>
      <line num="16" count="27" type="stmt"/>
      <line num="20" count="5" type="cond" truecount="1" falsecount="0"/>
      <line num="21" count="4" type="stmt"/>
      <line num="25" count="18" type="stmt"/>
      <line num="26" count="18" type="stmt"/>
      <line num="27" count="18" type="stmt"/>
      <line num="31" count="11" type="cond" truecount="0" falsecount="1"/>
      <line num="32" count="11" type="cond" truecount="1" falsecount="0"/>
      <line num="34" count="6" type="stmt"/>
      <line num="35" count="6" type="stmt"/>
      <line num="36" count="6" type="stmt"/>
      <line num="38" count="6" type="stmt"/>
      <line num="42" count="18" type="stmt"/>
      <line num="43" count="18" type="stmt"/>
      <line num="44" count="10" type="stmt"/>
      <line num="45" count="10" type="stmt"/>
      <line num="47" count="10" type="cond" truecount="1" falsecount="0"/>
      <line num="49" count="7" type="stmt"/>
      <line num="50" count="7" type="stmt"/>
      <line num="51" count="7" type="stmt"/>
      <line num="56" count="6" type="stmt"/>
      <line num="57" count="6" type="stmt"/>
      <line num="59" count="6" type="stmt"/>
      <line num="60" count="7" type="stmt"/>
      <line num="61" count="7" type="stmt"/>
      <line num="62" count="7" type="stmt"/>
      <line num="64" count="7" type="cond" truecount="1" falsecount="0"/>
      <line num="65" count="1" type="cond" truecount="1" falsecount="0"/>
      <line num="66" count="1" type="stmt"/>
      <line num="70" count="7" type="cond" truecount="0" falsecount="1"/>
      <line num="71" count="0" type="cond" truecount="0" falsecount="1"/>
      <line num="75" count="0" type="stmt"/>
      <line num="79" count="7" type="cond" truecount="1" falsecount="0"/>
      <line num="81" count="1" type="stmt"/>
      <line num="82" count="1" type="stmt"/>
      <line num="83" count="1" type="stmt"/>
    </file>
    <file name="recommendation.ts" path="C:\votexa\votexa\packages\algorithms\src\recommendation.ts">
      <metrics statements="10" coveredstatements="10" conditionals="5" coveredconditionals="4" methods="4" coveredmethods="4"/>
      <line num="1" count="1" type="stmt"/>
      <line num="18" count="1" type="stmt"/>
      <line num="23" count="2" type="stmt"/>
      <line num="74" count="2" type="cond" truecount="1" falsecount="1"/>
      <line num="81" count="2" type="cond" truecount="1" falsecount="0"/>
      <line num="82" count="1" type="stmt"/>
      <line num="91" count="1" type="stmt"/>
      <line num="104" count="1" type="stmt"/>
      <line num="110" count="1" type="stmt"/>
      <line num="111" count="3" type="cond" truecount="2" falsecount="0"/>
    </file>
    <file name="riskScoring.ts" path="C:\votexa\votexa\packages\algorithms\src\riskScoring.ts">
      <metrics statements="26" coveredstatements="26" conditionals="11" coveredconditionals="11" methods="2" coveredmethods="2"/>
      <line num="1" count="2" type="cond" truecount="2" falsecount="0"/>
      <line num="2" count="2" type="stmt"/>
      <line num="3" count="2" type="stmt"/>
      <line num="4" count="2" type="stmt"/>
      <line num="21" count="2" type="stmt"/>
      <line num="26" count="4" type="stmt"/>
      <line num="27" count="4" type="stmt"/>
      <line num="30" count="4" type="cond" truecount="1" falsecount="0"/>
      <line num="31" count="2" type="stmt"/>
      <line num="32" count="2" type="stmt"/>
      <line num="36" count="4" type="cond" truecount="1" falsecount="0"/>
      <line num="38" count="2" type="stmt"/>
      <line num="39" count="2" type="stmt"/>
      <line num="43" count="4" type="cond" truecount="1" falsecount="0"/>
      <line num="44" count="1" type="stmt"/>
      <line num="45" count="1" type="stmt"/>
      <line num="49" count="4" type="cond" truecount="1" falsecount="0"/>
      <line num="53" count="1" type="stmt"/>
      <line num="54" count="1" type="stmt"/>
      <line num="58" count="4" type="stmt"/>
      <line num="61" count="4" type="stmt"/>
      <line num="62" count="4" type="cond" truecount="2" falsecount="0"/>
      <line num="63" count="2" type="stmt"/>
      <line num="64" count="2" type="cond" truecount="1" falsecount="0"/>
      <line num="65" count="1" type="stmt"/>
      <line num="68" count="4" type="stmt"/>
    </file>
  </project>
</coverage>
