{"C:\\votexa\\votexa\\packages\\algorithms\\src\\decisionEngine.ts": {"path":"C:\\votexa\\votexa\\packages\\algorithms\\src\\decisionEngine.ts","statementMap":{"0":{"start":{"line":1,"column":0},"end":{"line":1,"column":54}},"1":{"start":{"line":2,"column":0},"end":{"line":2,"column":42}},"2":{"start":{"line":16,"column":59},"end":{"line":36,"column":6}},"3":{"start":{"line":38,"column":4},"end":{"line":38,"column":34}},"4":{"start":{"line":46,"column":4},"end":{"line":56,"column":47}},"5":{"start":{"line":48,"column":23},"end":{"line":48,"column":36}},"6":{"start":{"line":49,"column":8},"end":{"line":53,"column":9}},"7":{"start":{"line":50,"column":10},"end":{"line":52,"column":11}},"8":{"start":{"line":51,"column":12},"end":{"line":51,"column":25}},"9":{"start":{"line":54,"column":8},"end":{"line":54,"column":37}},"10":{"start":{"line":56,"column":22},"end":{"line":56,"column":45}},"11":{"start":{"line":63,"column":51},"end":{"line":70,"column":6}},"12":{"start":{"line":72,"column":21},"end":{"line":72,"column":39}},"13":{"start":{"line":73,"column":4},"end":{"line":73,"column":64}},"14":{"start":{"line":11,"column":0},"end":{"line":11,"column":13}}},"fnMap":{"0":{"name":"(anonymous_0)","decl":{"start":{"line":15,"column":9},"end":{"line":15,"column":23}},"loc":{"start":{"line":15,"column":44},"end":{"line":39,"column":3}}},"1":{"name":"(anonymous_1)","decl":{"start":{"line":45,"column":9},"end":{"line":45,"column":26}},"loc":{"start":{"line":45,"column":70},"end":{"line":57,"column":3}}},"2":{"name":"(anonymous_2)","decl":{"start":{"line":47,"column":11},"end":{"line":47,"column":15}},"loc":{"start":{"line":47,"column":18},"end":{"line":55,"column":7}}},"3":{"name":"(anonymous_3)","decl":{"start":{"line":56,"column":12},"end":{"line":56,"column":13}},"loc":{"start":{"line":56,"column":22},"end":{"line":56,"column":45}}},"4":{"name":"(anonymous_4)","decl":{"start":{"line":62,"column":9},"end":{"line":62,"column":32}},"loc":{"start":{"line":62,"column":88},"end":{"line":74,"column":3}}}},"branchMap":{"0":{"loc":{"start":{"line":38,"column":11},"end":{"line":38,"column":33}},"type":"binary-expr","locations":[{"start":{"line":38,"column":11},"end":{"line":38,"column":27}},{"start":{"line":38,"column":31},"end":{"line":38,"column":33}}]},"1":{"loc":{"start":{"line":49,"column":8},"end":{"line":53,"column":9}},"type":"if","locations":[{"start":{"line":49,"column":8},"end":{"line":53,"column":9}}]},"2":{"loc":{"start":{"line":50,"column":10},"end":{"line":52,"column":11}},"type":"if","locations":[{"start":{"line":50,"column":10},"end":{"line":52,"column":11}}]},"3":{"loc":{"start":{"line":50,"column":14},"end":{"line":50,"column":93}},"type":"binary-expr","locations":[{"start":{"line":50,"column":14},"end":{"line":50,"column":57}},{"start":{"line":50,"column":61},"end":{"line":50,"column":93}}]},"4":{"loc":{"start":{"line":72,"column":21},"end":{"line":72,"column":39}},"type":"binary-expr","locations":[{"start":{"line":72,"column":21},"end":{"line":72,"column":33}},{"start":{"line":72,"column":37},"end":{"line":72,"column":39}}]},"5":{"loc":{"start":{"line":73,"column":11},"end":{"line":73,"column":63}},"type":"cond-expr","locations":[{"start":{"line":73,"column":34},"end":{"line":73,"column":42}},{"start":{"line":73,"column":45},"end":{"line":73,"column":63}}]}},"s":{"0":1,"1":1,"2":3,"3":3,"4":2,"5":4,"6":4,"7":2,"8":1,"9":4,"10":2,"11":2,"12":2,"13":2,"14":1},"f":{"0":3,"1":2,"2":4,"3":2,"4":2},"b":{"0":[3,0],"1":[2],"2":[1],"3":[2,1],"4":[2,0],"5":[1,1]}}
,"C:\\votexa\\votexa\\packages\\algorithms\\src\\fsm.ts": {"path":"C:\\votexa\\votexa\\packages\\algorithms\\src\\fsm.ts","statementMap":{"0":{"start":{"line":1,"column":0},"end":{"line":1,"column":null}},"1":{"start":{"line":2,"column":2},"end":{"line":2,"column":null}},"2":{"start":{"line":3,"column":2},"end":{"line":3,"column":null}},"3":{"start":{"line":4,"column":2},"end":{"line":4,"column":null}},"4":{"start":{"line":5,"column":2},"end":{"line":5,"column":null}},"5":{"start":{"line":6,"column":2},"end":{"line":6,"column":null}},"6":{"start":{"line":7,"column":2},"end":{"line":7,"column":null}},"7":{"start":{"line":10,"column":0},"end":{"line":10,"column":null}},"8":{"start":{"line":11,"column":2},"end":{"line":11,"column":null}},"9":{"start":{"line":12,"column":2},"end":{"line":12,"column":null}},"10":{"start":{"line":13,"column":2},"end":{"line":13,"column":null}},"11":{"start":{"line":14,"column":2},"end":{"line":14,"column":null}},"12":{"start":{"line":15,"column":2},"end":{"line":15,"column":null}},"13":{"start":{"line":16,"column":2},"end":{"line":16,"column":null}},"14":{"start":{"line":23,"column":95},"end":{"line":43,"column":4}},"15":{"start":{"line":46,"column":4},"end":{"line":46,"column":37}},"16":{"start":{"line":50,"column":4},"end":{"line":50,"column":29}},"17":{"start":{"line":54,"column":25},"end":{"line":54,"column":60}},"18":{"start":{"line":55,"column":4},"end":{"line":55,"column":76}},"19":{"start":{"line":59,"column":4},"end":{"line":61,"column":5}},"20":{"start":{"line":60,"column":6},"end":{"line":60,"column":19}},"21":{"start":{"line":63,"column":22},"end":{"line":63,"column":65}},"22":{"start":{"line":64,"column":4},"end":{"line":67,"column":5}},"23":{"start":{"line":65,"column":6},"end":{"line":65,"column":36}},"24":{"start":{"line":66,"column":6},"end":{"line":66,"column":18}},"25":{"start":{"line":69,"column":4},"end":{"line":69,"column":17}},"26":{"start":{"line":19,"column":0},"end":{"line":19,"column":13}}},"fnMap":{"0":{"name":"(anonymous_0)","decl":{"start":{"line":1,"column":0},"end":{"line":1,"column":12}},"loc":{"start":{"line":1,"column":25},"end":{"line":8,"column":1}}},"1":{"name":"(anonymous_1)","decl":{"start":{"line":10,"column":0},"end":{"line":10,"column":12}},"loc":{"start":{"line":10,"column":26},"end":{"line":17,"column":1}}},"2":{"name":"(anonymous_2)","decl":{"start":{"line":45,"column":2},"end":{"line":45,"column":14}},"loc":{"start":{"line":45,"column":63},"end":{"line":47,"column":3}}},"3":{"name":"(anonymous_3)","decl":{"start":{"line":49,"column":9},"end":{"line":49,"column":17}},"loc":{"start":{"line":49,"column":17},"end":{"line":51,"column":3}}},"4":{"name":"(anonymous_4)","decl":{"start":{"line":53,"column":9},"end":{"line":53,"column":22}},"loc":{"start":{"line":53,"column":45},"end":{"line":56,"column":3}}},"5":{"name":"(anonymous_5)","decl":{"start":{"line":58,"column":9},"end":{"line":58,"column":19}},"loc":{"start":{"line":58,"column":42},"end":{"line":70,"column":3}}}},"branchMap":{"0":{"loc":{"start":{"line":1,"column":12},"end":{"line":1,"column":null}},"type":"binary-expr","locations":[{"start":{"line":1,"column":12},"end":{"line":1,"column":25}},{"start":{"line":1,"column":25},"end":{"line":1,"column":null}}]},"1":{"loc":{"start":{"line":10,"column":12},"end":{"line":10,"column":null}},"type":"binary-expr","locations":[{"start":{"line":10,"column":12},"end":{"line":10,"column":26}},{"start":{"line":10,"column":26},"end":{"line":10,"column":null}}]},"2":{"loc":{"start":{"line":45,"column":14},"end":{"line":45,"column":63}},"type":"default-arg","locations":[{"start":{"line":45,"column":44},"end":{"line":45,"column":63}}]},"3":{"loc":{"start":{"line":55,"column":11},"end":{"line":55,"column":75}},"type":"binary-expr","locations":[{"start":{"line":55,"column":11},"end":{"line":55,"column":37}},{"start":{"line":55,"column":41},"end":{"line":55,"column":75}}]},"4":{"loc":{"start":{"line":59,"column":4},"end":{"line":61,"column":5}},"type":"if","locations":[{"start":{"line":59,"column":4},"end":{"line":61,"column":5}}]},"5":{"loc":{"start":{"line":64,"column":4},"end":{"line":67,"column":5}},"type":"if","locations":[{"start":{"line":64,"column":4},"end":{"line":67,"column":5}}]}},"s":{"0":3,"1":3,"2":3,"3":3,"4":3,"5":3,"6":3,"7":3,"8":3,"9":3,"10":3,"11":3,"12":3,"13":3,"14":5,"15":5,"16":4,"17":10,"18":10,"19":8,"20":1,"21":7,"22":7,"23":7,"24":7,"25":0,"26":3},"f":{"0":3,"1":3,"2":5,"3":4,"4":10,"5":8},"b":{"0":[3,3],"1":[3,3],"2":[5],"3":[10,10],"4":[1],"5":[7]}}
,"C:\\votexa\\votexa\\packages\\algorithms\\src\\notificationScheduler.ts": {"path":"C:\\votexa\\votexa\\packages\\algorithms\\src\\notificationScheduler.ts","statementMap":{"0":{"start":{"line":1,"column":0},"end":{"line":1,"column":51}},"1":{"start":{"line":9,"column":0},"end":{"line":9,"column":null}},"2":{"start":{"line":10,"column":2},"end":{"line":10,"column":null}},"3":{"start":{"line":11,"column":2},"end":{"line":11,"column":null}},"4":{"start":{"line":12,"column":2},"end":{"line":12,"column":null}},"5":{"start":{"line":13,"column":2},"end":{"line":13,"column":null}},"6":{"start":{"line":14,"column":2},"end":{"line":14,"column":null}},"7":{"start":{"line":15,"column":2},"end":{"line":15,"column":null}},"8":{"start":{"line":19,"column":13},"end":{"line":26,"column":2}},"9":{"start":{"line":68,"column":4},"end":{"line":68,"column":63}},"10":{"start":{"line":72,"column":4},"end":{"line":72,"column":27}},"11":{"start":{"line":77,"column":30},"end":{"line":77,"column":64}},"12":{"start":{"line":80,"column":4},"end":{"line":80,"column":61}},"13":{"start":{"line":85,"column":45},"end":{"line":85,"column":47}},"14":{"start":{"line":86,"column":16},"end":{"line":86,"column":17}},"15":{"start":{"line":88,"column":4},"end":{"line":99,"column":5}},"16":{"start":{"line":89,"column":19},"end":{"line":89,"column":42}},"17":{"start":{"line":90,"column":6},"end":{"line":90,"column":23}},"18":{"start":{"line":90,"column":17},"end":{"line":90,"column":23}},"19":{"start":{"line":92,"column":32},"end":{"line":92,"column":51}},"20":{"start":{"line":93,"column":6},"end":{"line":97,"column":9}},"21":{"start":{"line":98,"column":6},"end":{"line":98,"column":14}},"22":{"start":{"line":101,"column":4},"end":{"line":101,"column":19}},"23":{"start":{"line":106,"column":17},"end":{"line":106,"column":34}},"24":{"start":{"line":107,"column":4},"end":{"line":107,"column":35}},"25":{"start":{"line":113,"column":21},"end":{"line":113,"column":55}},"26":{"start":{"line":114,"column":28},"end":{"line":114,"column":73}},"27":{"start":{"line":117,"column":4},"end":{"line":117,"column":54}},"28":{"start":{"line":121,"column":4},"end":{"line":121,"column":39}},"29":{"start":{"line":121,"column":29},"end":{"line":121,"column":39}},"30":{"start":{"line":122,"column":4},"end":{"line":122,"column":31}},"31":{"start":{"line":122,"column":20},"end":{"line":122,"column":31}},"32":{"start":{"line":123,"column":4},"end":{"line":123,"column":30}},"33":{"start":{"line":123,"column":20},"end":{"line":123,"column":30}},"34":{"start":{"line":124,"column":4},"end":{"line":124,"column":31}},"35":{"start":{"line":124,"column":21},"end":{"line":124,"column":31}},"36":{"start":{"line":125,"column":4},"end":{"line":125,"column":14}},"37":{"start":{"line":64,"column":0},"end":{"line":64,"column":13}}},"fnMap":{"0":{"name":"(anonymous_0)","decl":{"start":{"line":9,"column":0},"end":{"line":9,"column":12}},"loc":{"start":{"line":9,"column":28},"end":{"line":16,"column":1}}},"1":{"name":"(anonymous_1)","decl":{"start":{"line":67,"column":2},"end":{"line":67,"column":null}},"loc":{"start":{"line":67,"column":2},"end":{"line":69,"column":3}}},"2":{"name":"(anonymous_2)","decl":{"start":{"line":71,"column":2},"end":{"line":71,"column":13}},"loc":{"start":{"line":71,"column":25},"end":{"line":73,"column":3}}},"3":{"name":"(anonymous_3)","decl":{"start":{"line":76,"column":9},"end":{"line":76,"column":17}},"loc":{"start":{"line":76,"column":53},"end":{"line":81,"column":3}}},"4":{"name":"(anonymous_4)","decl":{"start":{"line":84,"column":9},"end":{"line":84,"column":25}},"loc":{"start":{"line":84,"column":39},"end":{"line":102,"column":3}}},"5":{"name":"(anonymous_5)","decl":{"start":{"line":105,"column":9},"end":{"line":105,"column":17}},"loc":{"start":{"line":105,"column":17},"end":{"line":108,"column":3}}},"6":{"name":"(anonymous_6)","decl":{"start":{"line":112,"column":10},"end":{"line":112,"column":25}},"loc":{"start":{"line":112,"column":50},"end":{"line":118,"column":3}}},"7":{"name":"(anonymous_7)","decl":{"start":{"line":120,"column":10},"end":{"line":120,"column":28}},"loc":{"start":{"line":120,"column":43},"end":{"line":126,"column":3}}}},"branchMap":{"0":{"loc":{"start":{"line":9,"column":12},"end":{"line":9,"column":null}},"type":"binary-expr","locations":[{"start":{"line":9,"column":12},"end":{"line":9,"column":28}},{"start":{"line":9,"column":28},"end":{"line":9,"column":null}}]},"1":{"loc":{"start":{"line":88,"column":11},"end":{"line":88,"column":49}},"type":"binary-expr","locations":[{"start":{"line":88,"column":11},"end":{"line":88,"column":32}},{"start":{"line":88,"column":36},"end":{"line":88,"column":49}}]},"2":{"loc":{"start":{"line":90,"column":6},"end":{"line":90,"column":23}},"type":"if","locations":[{"start":{"line":90,"column":6},"end":{"line":90,"column":23}}]},"3":{"loc":{"start":{"line":107,"column":11},"end":{"line":107,"column":34}},"type":"cond-expr","locations":[{"start":{"line":107,"column":18},"end":{"line":107,"column":27}},{"start":{"line":107,"column":30},"end":{"line":107,"column":34}}]},"4":{"loc":{"start":{"line":121,"column":4},"end":{"line":121,"column":39}},"type":"if","locations":[{"start":{"line":121,"column":4},"end":{"line":121,"column":39}}]},"5":{"loc":{"start":{"line":122,"column":4},"end":{"line":122,"column":31}},"type":"if","locations":[{"start":{"line":122,"column":4},"end":{"line":122,"column":31}}]},"6":{"loc":{"start":{"line":123,"column":4},"end":{"line":123,"column":30}},"type":"if","locations":[{"start":{"line":123,"column":4},"end":{"line":123,"column":30}}]},"7":{"loc":{"start":{"line":124,"column":4},"end":{"line":124,"column":31}},"type":"if","locations":[{"start":{"line":124,"column":4},"end":{"line":124,"column":31}}]}},"s":{"0":1,"1":1,"2":1,"3":1,"4":1,"5":1,"6":1,"7":1,"8":1,"9":3,"10":0,"11":6,"12":6,"13":3,"14":3,"15":3,"16":6,"17":6,"18":0,"19":6,"20":6,"21":6,"22":3,"23":0,"24":0,"25":6,"26":6,"27":6,"28":6,"29":2,"30":4,"31":2,"32":2,"33":0,"34":2,"35":0,"36":2,"37":1},"f":{"0":1,"1":3,"2":0,"3":6,"4":3,"5":0,"6":6,"7":6},"b":{"0":[1,1],"1":[9,6],"2":[0],"3":[0,0],"4":[2],"5":[2],"6":[0],"7":[0]}}
,"C:\\votexa\\votexa\\packages\\algorithms\\src\\pollingOptimizer.ts": {"path":"C:\\votexa\\votexa\\packages\\algorithms\\src\\pollingOptimizer.ts","statementMap":{"0":{"start":{"line":1,"column":0},"end":{"line":1,"column":51}},"1":{"start":{"line":15,"column":4},"end":{"line":15,"column":64}},"2":{"start":{"line":23,"column":4},"end":{"line":23,"column":64}},"3":{"start":{"line":24,"column":4},"end":{"line":26,"column":5}},"4":{"start":{"line":25,"column":6},"end":{"line":25,"column":39}},"5":{"start":{"line":35,"column":4},"end":{"line":35,"column":71}},"6":{"start":{"line":42,"column":17},"end":{"line":42,"column":42}},"7":{"start":{"line":43,"column":4},"end":{"line":43,"column":35}},"8":{"start":{"line":50,"column":4},"end":{"line":50,"column":41}},"9":{"start":{"line":50,"column":30},"end":{"line":50,"column":41}},"10":{"start":{"line":52,"column":4},"end":{"line":52,"column":56}},"11":{"start":{"line":11,"column":0},"end":{"line":11,"column":13}}},"fnMap":{"0":{"name":"(anonymous_0)","decl":{"start":{"line":14,"column":2},"end":{"line":14,"column":null}},"loc":{"start":{"line":14,"column":2},"end":{"line":16,"column":3}}},"1":{"name":"(anonymous_1)","decl":{"start":{"line":21,"column":9},"end":{"line":21,"column":27}},"loc":{"start":{"line":21,"column":54},"end":{"line":27,"column":3}}},"2":{"name":"(anonymous_2)","decl":{"start":{"line":32,"column":9},"end":{"line":32,"column":27}},"loc":{"start":{"line":32,"column":51},"end":{"line":36,"column":3}}},"3":{"name":"(anonymous_3)","decl":{"start":{"line":41,"column":9},"end":{"line":41,"column":31}},"loc":{"start":{"line":41,"column":31},"end":{"line":44,"column":3}}},"4":{"name":"(anonymous_4)","decl":{"start":{"line":49,"column":9},"end":{"line":49,"column":26}},"loc":{"start":{"line":49,"column":71},"end":{"line":53,"column":3}}}},"branchMap":{"0":{"loc":{"start":{"line":43,"column":11},"end":{"line":43,"column":34}},"type":"cond-expr","locations":[{"start":{"line":43,"column":18},"end":{"line":43,"column":27}},{"start":{"line":43,"column":30},"end":{"line":43,"column":34}}]},"1":{"loc":{"start":{"line":50,"column":4},"end":{"line":50,"column":41}},"type":"if","locations":[{"start":{"line":50,"column":4},"end":{"line":50,"column":41}}]}},"s":{"0":1,"1":3,"2":2,"3":2,"4":5,"5":6,"6":3,"7":3,"8":3,"9":1,"10":2,"11":1},"f":{"0":3,"1":2,"2":6,"3":3,"4":3},"b":{"0":[3,0],"1":[1]}}
,"C:\\votexa\\votexa\\packages\\algorithms\\src\\priorityQueue.ts": {"path":"C:\\votexa\\votexa\\packages\\algorithms\\src\\priorityQueue.ts","statementMap":{"0":{"start":{"line":7,"column":33},"end":{"line":7,"column":35}},"1":{"start":{"line":12,"column":4},"end":{"line":12,"column":28}},"2":{"start":{"line":16,"column":4},"end":{"line":16,"column":34}},"3":{"start":{"line":20,"column":4},"end":{"line":20,"column":36}},"4":{"start":{"line":20,"column":24},"end":{"line":20,"column":36}},"5":{"start":{"line":21,"column":4},"end":{"line":21,"column":24}},"6":{"start":{"line":25,"column":31},"end":{"line":25,"column":49}},"7":{"start":{"line":26,"column":4},"end":{"line":26,"column":25}},"8":{"start":{"line":27,"column":4},"end":{"line":27,"column":40}},"9":{"start":{"line":31,"column":4},"end":{"line":31,"column":36}},"10":{"start":{"line":31,"column":24},"end":{"line":31,"column":36}},"11":{"start":{"line":32,"column":4},"end":{"line":32,"column":56}},"12":{"start":{"line":32,"column":32},"end":{"line":32,"column":56}},"13":{"start":{"line":34,"column":16},"end":{"line":34,"column":28}},"14":{"start":{"line":35,"column":4},"end":{"line":35,"column":36}},"15":{"start":{"line":36,"column":4},"end":{"line":36,"column":21}},"16":{"start":{"line":38,"column":4},"end":{"line":38,"column":15}},"17":{"start":{"line":42,"column":17},"end":{"line":42,"column":33}},"18":{"start":{"line":43,"column":4},"end":{"line":52,"column":5}},"19":{"start":{"line":44,"column":26},"end":{"line":44,"column":53}},"20":{"start":{"line":45,"column":21},"end":{"line":45,"column":43}},"21":{"start":{"line":47,"column":6},"end":{"line":47,"column":50}},"22":{"start":{"line":47,"column":44},"end":{"line":47,"column":50}},"23":{"start":{"line":49,"column":6},"end":{"line":49,"column":36}},"24":{"start":{"line":50,"column":6},"end":{"line":50,"column":32}},"25":{"start":{"line":51,"column":6},"end":{"line":51,"column":26}},"26":{"start":{"line":56,"column":19},"end":{"line":56,"column":35}},"27":{"start":{"line":57,"column":17},"end":{"line":57,"column":33}},"28":{"start":{"line":59,"column":4},"end":{"line":84,"column":5}},"29":{"start":{"line":60,"column":27},"end":{"line":60,"column":40}},"30":{"start":{"line":61,"column":28},"end":{"line":61,"column":41}},"31":{"start":{"line":62,"column":20},"end":{"line":62,"column":24}},"32":{"start":{"line":64,"column":6},"end":{"line":68,"column":7}},"33":{"start":{"line":65,"column":8},"end":{"line":67,"column":9}},"34":{"start":{"line":66,"column":10},"end":{"line":66,"column":33}},"35":{"start":{"line":70,"column":6},"end":{"line":77,"column":7}},"36":{"start":{"line":71,"column":8},"end":{"line":76,"column":9}},"37":{"start":{"line":75,"column":10},"end":{"line":75,"column":34}},"38":{"start":{"line":79,"column":6},"end":{"line":79,"column":34}},"39":{"start":{"line":79,"column":28},"end":{"line":79,"column":34}},"40":{"start":{"line":81,"column":6},"end":{"line":81,"column":44}},"41":{"start":{"line":82,"column":6},"end":{"line":82,"column":32}},"42":{"start":{"line":83,"column":6},"end":{"line":83,"column":22}},"43":{"start":{"line":6,"column":0},"end":{"line":6,"column":13}}},"fnMap":{"0":{"name":"(anonymous_0)","decl":{"start":{"line":9,"column":2},"end":{"line":9,"column":17}},"loc":{"start":{"line":9,"column":2},"end":{"line":9,"column":18}}},"1":{"name":"(anonymous_1)","decl":{"start":{"line":11,"column":2},"end":{"line":11,"column":13}},"loc":{"start":{"line":11,"column":17},"end":{"line":13,"column":3}}},"2":{"name":"(anonymous_2)","decl":{"start":{"line":15,"column":9},"end":{"line":15,"column":16}},"loc":{"start":{"line":15,"column":16},"end":{"line":17,"column":3}}},"3":{"name":"(anonymous_3)","decl":{"start":{"line":19,"column":9},"end":{"line":19,"column":13}},"loc":{"start":{"line":19,"column":13},"end":{"line":22,"column":3}}},"4":{"name":"(anonymous_4)","decl":{"start":{"line":24,"column":9},"end":{"line":24,"column":15}},"loc":{"start":{"line":24,"column":41},"end":{"line":28,"column":3}}},"5":{"name":"(anonymous_5)","decl":{"start":{"line":30,"column":9},"end":{"line":30,"column":19}},"loc":{"start":{"line":30,"column":19},"end":{"line":39,"column":3}}},"6":{"name":"(anonymous_6)","decl":{"start":{"line":41,"column":10},"end":{"line":41,"column":18}},"loc":{"start":{"line":41,"column":32},"end":{"line":53,"column":3}}},"7":{"name":"(anonymous_7)","decl":{"start":{"line":55,"column":10},"end":{"line":55,"column":18}},"loc":{"start":{"line":55,"column":32},"end":{"line":85,"column":3}}}},"branchMap":{"0":{"loc":{"start":{"line":20,"column":4},"end":{"line":20,"column":36}},"type":"if","locations":[{"start":{"line":20,"column":4},"end":{"line":20,"column":36}}]},"1":{"loc":{"start":{"line":31,"column":4},"end":{"line":31,"column":36}},"type":"if","locations":[{"start":{"line":31,"column":4},"end":{"line":31,"column":36}}]},"2":{"loc":{"start":{"line":32,"column":4},"end":{"line":32,"column":56}},"type":"if","locations":[{"start":{"line":32,"column":4},"end":{"line":32,"column":56}}]},"3":{"loc":{"start":{"line":47,"column":6},"end":{"line":47,"column":50}},"type":"if","locations":[{"start":{"line":47,"column":6},"end":{"line":47,"column":50}}]},"4":{"loc":{"start":{"line":64,"column":6},"end":{"line":68,"column":7}},"type":"if","locations":[{"start":{"line":64,"column":6},"end":{"line":68,"column":7}}]},"5":{"loc":{"start":{"line":65,"column":8},"end":{"line":67,"column":9}},"type":"if","locations":[{"start":{"line":65,"column":8},"end":{"line":67,"column":9}}]},"6":{"loc":{"start":{"line":70,"column":6},"end":{"line":77,"column":7}},"type":"if","locations":[{"start":{"line":70,"column":6},"end":{"line":77,"column":7}}]},"7":{"loc":{"start":{"line":71,"column":8},"end":{"line":76,"column":9}},"type":"if","locations":[{"start":{"line":71,"column":8},"end":{"line":76,"column":9}}]},"8":{"loc":{"start":{"line":72,"column":10},"end":{"line":73,"column":100}},"type":"binary-expr","locations":[{"start":{"line":72,"column":11},"end":{"line":72,"column":27}},{"start":{"line":72,"column":31},"end":{"line":72,"column":80}},{"start":{"line":73,"column":11},"end":{"line":73,"column":27}},{"start":{"line":73,"column":31},"end":{"line":73,"column":99}}]},"9":{"loc":{"start":{"line":79,"column":6},"end":{"line":79,"column":34}},"type":"if","locations":[{"start":{"line":79,"column":6},"end":{"line":79,"column":34}}]}},"s":{"0":12,"1":2,"2":27,"3":5,"4":1,"5":4,"6":18,"7":18,"8":18,"9":11,"10":0,"11":11,"12":5,"13":6,"14":6,"15":6,"16":6,"17":18,"18":18,"19":10,"20":10,"21":10,"22":3,"23":7,"24":7,"25":7,"26":6,"27":6,"28":6,"29":7,"30":7,"31":7,"32":7,"33":1,"34":1,"35":7,"36":0,"37":0,"38":7,"39":6,"40":1,"41":1,"42":1,"43":3},"f":{"0":12,"1":2,"2":27,"3":5,"4":18,"5":11,"6":18,"7":6},"b":{"0":[1],"1":[0],"2":[5],"3":[3],"4":[1],"5":[1],"6":[0],"7":[0],"8":[0,0,0,0],"9":[6]}}
,"C:\\votexa\\votexa\\packages\\algorithms\\src\\recommendation.ts": {"path":"C:\\votexa\\votexa\\packages\\algorithms\\src\\recommendation.ts","statementMap":{"0":{"start":{"line":1,"column":0},"end":{"line":1,"column":38}},"1":{"start":{"line":23,"column":67},"end":{"line":72,"column":6}},"2":{"start":{"line":74,"column":4},"end":{"line":74,"column":40}},"3":{"start":{"line":81,"column":4},"end":{"line":89,"column":5}},"4":{"start":{"line":82,"column":6},"end":{"line":88,"column":8}},"5":{"start":{"line":91,"column":4},"end":{"line":97,"column":6}},"6":{"start":{"line":104,"column":33},"end":{"line":108,"column":6}},"7":{"start":{"line":110,"column":18},"end":{"line":110,"column":44}},"8":{"start":{"line":111,"column":4},"end":{"line":111,"column":110}},"9":{"start":{"line":111,"column":28},"end":{"line":111,"column":108}},"10":{"start":{"line":18,"column":0},"end":{"line":18,"column":13}}},"fnMap":{"0":{"name":"(anonymous_0)","decl":{"start":{"line":22,"column":9},"end":{"line":22,"column":34}},"loc":{"start":{"line":22,"column":55},"end":{"line":75,"column":3}}},"1":{"name":"(anonymous_1)","decl":{"start":{"line":80,"column":9},"end":{"line":80,"column":28}},"loc":{"start":{"line":80,"column":49},"end":{"line":98,"column":3}}},"2":{"name":"(anonymous_2)","decl":{"start":{"line":103,"column":9},"end":{"line":103,"column":17}},"loc":{"start":{"line":103,"column":38},"end":{"line":112,"column":3}}},"3":{"name":"(anonymous_3)","decl":{"start":{"line":111,"column":23},"end":{"line":111,"column":24}},"loc":{"start":{"line":111,"column":28},"end":{"line":111,"column":108}}}},"branchMap":{"0":{"loc":{"start":{"line":74,"column":11},"end":{"line":74,"column":39}},"type":"binary-expr","locations":[{"start":{"line":74,"column":11},"end":{"line":74,"column":33}},{"start":{"line":74,"column":37},"end":{"line":74,"column":39}}]},"1":{"loc":{"start":{"line":81,"column":4},"end":{"line":89,"column":5}},"type":"if","locations":[{"start":{"line":81,"column":4},"end":{"line":89,"column":5}}]},"2":{"loc":{"start":{"line":111,"column":28},"end":{"line":111,"column":108}},"type":"binary-expr","locations":[{"start":{"line":111,"column":28},"end":{"line":111,"column":65}},{"start":{"line":111,"column":69},"end":{"line":111,"column":108}}]}},"s":{"0":1,"1":2,"2":2,"3":2,"4":1,"5":1,"6":1,"7":1,"8":1,"9":3,"10":1},"f":{"0":2,"1":2,"2":1,"3":3},"b":{"0":[2,0],"1":[1],"2":[3,3]}}
,"C:\\votexa\\votexa\\packages\\algorithms\\src\\riskScoring.ts": {"path":"C:\\votexa\\votexa\\packages\\algorithms\\src\\riskScoring.ts","statementMap":{"0":{"start":{"line":1,"column":0},"end":{"line":1,"column":null}},"1":{"start":{"line":2,"column":2},"end":{"line":2,"column":null}},"2":{"start":{"line":3,"column":2},"end":{"line":3,"column":null}},"3":{"start":{"line":4,"column":2},"end":{"line":4,"column":null}},"4":{"start":{"line":26,"column":16},"end":{"line":26,"column":17}},"5":{"start":{"line":27,"column":28},"end":{"line":27,"column":30}},"6":{"start":{"line":30,"column":4},"end":{"line":33,"column":5}},"7":{"start":{"line":31,"column":6},"end":{"line":31,"column":18}},"8":{"start":{"line":32,"column":6},"end":{"line":32,"column":33}},"9":{"start":{"line":36,"column":4},"end":{"line":40,"column":5}},"10":{"start":{"line":38,"column":6},"end":{"line":38,"column":51}},"11":{"start":{"line":39,"column":6},"end":{"line":39,"column":47}},"12":{"start":{"line":43,"column":4},"end":{"line":46,"column":5}},"13":{"start":{"line":44,"column":6},"end":{"line":44,"column":62}},"14":{"start":{"line":45,"column":6},"end":{"line":45,"column":46}},"15":{"start":{"line":49,"column":4},"end":{"line":55,"column":5}},"16":{"start":{"line":53,"column":6},"end":{"line":53,"column":18}},"17":{"start":{"line":54,"column":6},"end":{"line":54,"column":37}},"18":{"start":{"line":58,"column":4},"end":{"line":58,"column":33}},"19":{"start":{"line":61,"column":16},"end":{"line":61,"column":29}},"20":{"start":{"line":62,"column":4},"end":{"line":66,"column":5}},"21":{"start":{"line":63,"column":6},"end":{"line":63,"column":29}},"22":{"start":{"line":64,"column":11},"end":{"line":66,"column":5}},"23":{"start":{"line":65,"column":6},"end":{"line":65,"column":31}},"24":{"start":{"line":68,"column":4},"end":{"line":68,"column":35}},"25":{"start":{"line":21,"column":0},"end":{"line":21,"column":13}}},"fnMap":{"0":{"name":"(anonymous_0)","decl":{"start":{"line":1,"column":0},"end":{"line":1,"column":12}},"loc":{"start":{"line":1,"column":21},"end":{"line":5,"column":1}}},"1":{"name":"(anonymous_1)","decl":{"start":{"line":25,"column":9},"end":{"line":25,"column":17}},"loc":{"start":{"line":25,"column":40},"end":{"line":69,"column":3}}}},"branchMap":{"0":{"loc":{"start":{"line":1,"column":12},"end":{"line":1,"column":null}},"type":"binary-expr","locations":[{"start":{"line":1,"column":12},"end":{"line":1,"column":21}},{"start":{"line":1,"column":21},"end":{"line":1,"column":null}}]},"1":{"loc":{"start":{"line":30,"column":4},"end":{"line":33,"column":5}},"type":"if","locations":[{"start":{"line":30,"column":4},"end":{"line":33,"column":5}}]},"2":{"loc":{"start":{"line":36,"column":4},"end":{"line":40,"column":5}},"type":"if","locations":[{"start":{"line":36,"column":4},"end":{"line":40,"column":5}}]},"3":{"loc":{"start":{"line":43,"column":4},"end":{"line":46,"column":5}},"type":"if","locations":[{"start":{"line":43,"column":4},"end":{"line":46,"column":5}}]},"4":{"loc":{"start":{"line":49,"column":4},"end":{"line":55,"column":5}},"type":"if","locations":[{"start":{"line":49,"column":4},"end":{"line":55,"column":5}}]},"5":{"loc":{"start":{"line":50,"column":6},"end":{"line":51,"column":52}},"type":"binary-expr","locations":[{"start":{"line":50,"column":6},"end":{"line":50,"column":59}},{"start":{"line":51,"column":6},"end":{"line":51,"column":52}}]},"6":{"loc":{"start":{"line":62,"column":4},"end":{"line":66,"column":5}},"type":"if","locations":[{"start":{"line":62,"column":4},"end":{"line":66,"column":5}},{"start":{"line":64,"column":11},"end":{"line":66,"column":5}}]},"7":{"loc":{"start":{"line":64,"column":11},"end":{"line":66,"column":5}},"type":"if","locations":[{"start":{"line":64,"column":11},"end":{"line":66,"column":5}}]}},"s":{"0":2,"1":2,"2":2,"3":2,"4":4,"5":4,"6":4,"7":2,"8":2,"9":4,"10":2,"11":2,"12":4,"13":1,"14":1,"15":4,"16":1,"17":1,"18":4,"19":4,"20":4,"21":2,"22":2,"23":1,"24":4,"25":2},"f":{"0":2,"1":4},"b":{"0":[2,2],"1":[2],"2":[2],"3":[1],"4":[1],"5":[4,4],"6":[2,2],"7":[1]}}
}
