TN:
SF:src\decisionEngine.ts
FN:15,(anonymous_0)
FN:45,(anonymous_1)
FN:47,(anonymous_2)
FN:56,(anonymous_3)
FN:62,(anonymous_4)
FNF:5
FNH:5
FNDA:3,(anonymous_0)
FNDA:2,(anonymous_1)
FNDA:4,(anonymous_2)
FNDA:2,(anonymous_3)
FNDA:2,(anonymous_4)
DA:1,1
DA:2,1
DA:11,1
DA:16,3
DA:38,3
DA:46,2
DA:48,4
DA:49,4
DA:50,2
DA:51,1
DA:54,4
DA:56,2
DA:63,2
DA:72,2
DA:73,2
LF:15
LH:15
BRDA:38,0,0,3
BRDA:38,0,1,0
BRDA:49,1,0,2
BRDA:50,2,0,1
BRDA:50,3,0,2
BRDA:50,3,1,1
BRDA:72,4,0,2
BRDA:72,4,1,0
BRDA:73,5,0,1
BRDA:73,5,1,1
BRF:10
BRH:8
end_of_record
TN:
SF:src\fsm.ts
FN:1,(anonymous_0)
FN:10,(anonymous_1)
FN:45,(anonymous_2)
FN:49,(anonymous_3)
FN:53,(anonymous_4)
FN:58,(anonymous_5)
FNF:6
FNH:6
FNDA:3,(anonymous_0)
FNDA:3,(anonymous_1)
FNDA:5,(anonymous_2)
FNDA:4,(anonymous_3)
FNDA:10,(anonymous_4)
FNDA:8,(anonymous_5)
DA:1,3
DA:2,3
DA:3,3
DA:4,3
DA:5,3
DA:6,3
DA:7,3
DA:10,3
DA:11,3
DA:12,3
DA:13,3
DA:14,3
DA:15,3
DA:16,3
DA:19,3
DA:23,5
DA:46,5
DA:50,4
DA:54,10
DA:55,10
DA:59,8
DA:60,1
DA:63,7
DA:64,7
DA:65,7
DA:66,7
DA:69,0
LF:27
LH:26
BRDA:1,0,0,3
BRDA:1,0,1,3
BRDA:10,1,0,3
BRDA:10,1,1,3
BRDA:45,2,0,5
BRDA:55,3,0,10
BRDA:55,3,1,10
BRDA:59,4,0,1
BRDA:64,5,0,7
BRF:9
BRH:9
end_of_record
TN:
SF:src\notificationScheduler.ts
FN:9,(anonymous_0)
FN:67,(anonymous_1)
FN:71,(anonymous_2)
FN:76,(anonymous_3)
FN:84,(anonymous_4)
FN:105,(anonymous_5)
FN:112,(anonymous_6)
FN:120,(anonymous_7)
FNF:8
FNH:6
FNDA:1,(anonymous_0)
FNDA:3,(anonymous_1)
FNDA:0,(anonymous_2)
FNDA:6,(anonymous_3)
FNDA:3,(anonymous_4)
FNDA:0,(anonymous_5)
FNDA:6,(anonymous_6)
FNDA:6,(anonymous_7)
DA:1,1
DA:9,1
DA:10,1
DA:11,1
DA:12,1
DA:13,1
DA:14,1
DA:15,1
DA:19,1
DA:64,1
DA:68,3
DA:72,0
DA:77,6
DA:80,6
DA:85,3
DA:86,3
DA:88,3
DA:89,6
DA:90,6
DA:92,6
DA:93,6
DA:98,6
DA:101,3
DA:106,0
DA:107,0
DA:113,6
DA:114,6
DA:117,6
DA:121,6
DA:122,4
DA:123,2
DA:124,2
DA:125,2
LF:33
LH:30
BRDA:9,0,0,1
BRDA:9,0,1,1
BRDA:88,1,0,9
BRDA:88,1,1,6
BRDA:90,2,0,0
BRDA:107,3,0,0
BRDA:107,3,1,0
BRDA:121,4,0,2
BRDA:122,5,0,2
BRDA:123,6,0,0
BRDA:124,7,0,0
BRF:11
BRH:6
end_of_record
TN:
SF:src\pollingOptimizer.ts
FN:14,(anonymous_0)
FN:21,(anonymous_1)
FN:32,(anonymous_2)
FN:41,(anonymous_3)
FN:49,(anonymous_4)
FNF:5
FNH:5
FNDA:3,(anonymous_0)
FNDA:2,(anonymous_1)
FNDA:6,(anonymous_2)
FNDA:3,(anonymous_3)
FNDA:3,(anonymous_4)
DA:1,1
DA:11,1
DA:15,3
DA:23,2
DA:24,2
DA:25,5
DA:35,6
DA:42,3
DA:43,3
DA:50,3
DA:52,2
LF:11
LH:11
BRDA:43,0,0,3
BRDA:43,0,1,0
BRDA:50,1,0,1
BRF:3
BRH:2
end_of_record
TN:
SF:src\priorityQueue.ts
FN:9,(anonymous_0)
FN:11,(anonymous_1)
FN:15,(anonymous_2)
FN:19,(anonymous_3)
FN:24,(anonymous_4)
FN:30,(anonymous_5)
FN:41,(anonymous_6)
FN:55,(anonymous_7)
FNF:8
FNH:8
FNDA:12,(anonymous_0)
FNDA:2,(anonymous_1)
FNDA:27,(anonymous_2)
FNDA:5,(anonymous_3)
FNDA:18,(anonymous_4)
FNDA:11,(anonymous_5)
FNDA:18,(anonymous_6)
FNDA:6,(anonymous_7)
DA:6,3
DA:7,12
DA:12,2
DA:16,27
DA:20,5
DA:21,4
DA:25,18
DA:26,18
DA:27,18
DA:31,11
DA:32,11
DA:34,6
DA:35,6
DA:36,6
DA:38,6
DA:42,18
DA:43,18
DA:44,10
DA:45,10
DA:47,10
DA:49,7
DA:50,7
DA:51,7
DA:56,6
DA:57,6
DA:59,6
DA:60,7
DA:61,7
DA:62,7
DA:64,7
DA:65,1
DA:66,1
DA:70,7
DA:71,0
DA:75,0
DA:79,7
DA:81,1
DA:82,1
DA:83,1
LF:39
LH:37
BRDA:20,0,0,1
BRDA:31,1,0,0
BRDA:32,2,0,5
BRDA:47,3,0,3
BRDA:64,4,0,1
BRDA:65,5,0,1
BRDA:70,6,0,0
BRDA:71,7,0,0
BRDA:72,8,0,0
BRDA:72,8,1,0
BRDA:72,8,2,0
BRDA:72,8,3,0
BRDA:79,9,0,6
BRF:13
BRH:6
end_of_record
TN:
SF:src\recommendation.ts
FN:22,(anonymous_0)
FN:80,(anonymous_1)
FN:103,(anonymous_2)
FN:111,(anonymous_3)
FNF:4
FNH:4
FNDA:2,(anonymous_0)
FNDA:2,(anonymous_1)
FNDA:1,(anonymous_2)
FNDA:3,(anonymous_3)
DA:1,1
DA:18,1
DA:23,2
DA:74,2
DA:81,2
DA:82,1
DA:91,1
DA:104,1
DA:110,1
DA:111,3
LF:10
LH:10
BRDA:74,0,0,2
BRDA:74,0,1,0
BRDA:81,1,0,1
BRDA:111,2,0,3
BRDA:111,2,1,3
BRF:5
BRH:4
end_of_record
TN:
SF:src\riskScoring.ts
FN:1,(anonymous_0)
FN:25,(anonymous_1)
FNF:2
FNH:2
FNDA:2,(anonymous_0)
FNDA:4,(anonymous_1)
DA:1,2
DA:2,2
DA:3,2
DA:4,2
DA:21,2
DA:26,4
DA:27,4
DA:30,4
DA:31,2
DA:32,2
DA:36,4
DA:38,2
DA:39,2
DA:43,4
DA:44,1
DA:45,1
DA:49,4
DA:53,1
DA:54,1
DA:58,4
DA:61,4
DA:62,4
DA:63,2
DA:64,2
DA:65,1
DA:68,4
LF:26
LH:26
BRDA:1,0,0,2
BRDA:1,0,1,2
BRDA:30,1,0,2
BRDA:36,2,0,2
BRDA:43,3,0,1
BRDA:49,4,0,1
BRDA:50,5,0,4
BRDA:50,5,1,4
BRDA:62,6,0,2
BRDA:62,6,1,2
BRDA:64,7,0,1
BRF:11
BRH:11
end_of_record
